This file contains any messages produced by compilers while
running configure, to aid debugging if configure makes a mistake.

It was created by Fall3d configure 7.0, which was
generated by GNU Autoconf 2.66.  Invocation command line was

  $ ./configure --enable-parallel

## --------- ##
## Platform. ##
## --------- ##

hostname = atom
uname -m = x86_64
uname -r = 2.6.32-431.el6.x86_64
uname -s = Linux
uname -v = #1 SMP Fri Nov 22 03:15:09 UTC 2013

/usr/bin/uname -p = unknown
/bin/uname -X     = unknown

/bin/arch              = x86_64
/usr/bin/arch -k       = unknown
/usr/convex/getsysinfo = unknown
/usr/bin/hostinfo      = unknown
/bin/machine           = unknown
/usr/bin/oslevel       = unknown
/bin/universe          = unknown

PATH: /home/mingari/mpich-3.0.4/bin
PATH: /home/mingari/libraries/netcdf/bin
PATH: /usr/local/dakota/bin
PATH: /opt/rh/devtoolset-2/root/usr/bin
PATH: /home/mingari/libraries/netcdf/bin
PATH: /usr/lib64/qt-3.3/bin
PATH: /usr/local/dakota/bin
PATH: /usr/local/bin
PATH: /bin
PATH: /usr/bin
PATH: /usr/local/sbin
PATH: /usr/sbin
PATH: /sbin
PATH: /home/mingari/bin


## ----------- ##
## Core tests. ##
## ----------- ##

configure:1831: checking for a BSD-compatible install
configure:1899: result: /usr/bin/install -c
configure:1910: checking whether build environment is sane
configure:1960: result: yes
configure:2101: checking for a thread-safe mkdir -p
configure:2140: result: /bin/mkdir -p
configure:2153: checking for gawk
configure:2169: found /bin/gawk
configure:2180: result: gawk
configure:2191: checking whether make sets $(MAKE)
configure:2213: result: yes
configure:2308: checking build system type
configure:2322: result: x86_64-unknown-linux-gnu
configure:2405: checking for ifort
configure:2435: result: no
configure:2458: checking for Fortran compiler version
configure:2467: gfortran --version >&5
GNU Fortran (GCC) 4.8.2 20140120 (Red Hat 4.8.2-15)
Copyright (C) 2013 Free Software Foundation, Inc.

GNU Fortran comes with NO WARRANTY, to the extent permitted by law.
You may redistribute copies of GNU Fortran
under the terms of the GNU General Public License.
For more information about these matters, see the file named COPYING

configure:2478: $? = 0
configure:2467: gfortran -v >&5
Using built-in specs.
COLLECT_GCC=gfortran
COLLECT_LTO_WRAPPER=/opt/rh/devtoolset-2/root/usr/libexec/gcc/x86_64-redhat-linux/4.8.2/lto-wrapper
Target: x86_64-redhat-linux
Configured with: ../configure --prefix=/opt/rh/devtoolset-2/root/usr --mandir=/opt/rh/devtoolset-2/root/usr/share/man --infodir=/opt/rh/devtoolset-2/root/usr/share/info --with-bugurl=http://bugzilla.redhat.com/bugzilla --enable-bootstrap --enable-shared --enable-threads=posix --enable-checking=release --with-system-zlib --enable-__cxa_atexit --disable-libunwind-exceptions --enable-gnu-unique-object --enable-linker-build-id --enable-languages=c,c++,fortran,lto --enable-plugin --with-linker-hash-style=gnu --enable-initfini-array --disable-libgcj --with-isl=/builddir/build/BUILD/gcc-4.8.2-20140120/obj-x86_64-redhat-linux/isl-install --with-cloog=/builddir/build/BUILD/gcc-4.8.2-20140120/obj-x86_64-redhat-linux/cloog-install --with-mpc=/builddir/build/BUILD/gcc-4.8.2-20140120/obj-x86_64-redhat-linux/mpc-install --with-tune=generic --with-arch_32=i686 --build=x86_64-redhat-linux
Thread model: posix
gcc version 4.8.2 20140120 (Red Hat 4.8.2-15) (GCC) 
configure:2478: $? = 0
configure:2467: gfortran -V >&5
gfortran: error: unrecognized command line option '-V'
gfortran: fatal error: no input files
compilation terminated.
configure:2478: $? = 4
configure:2467: gfortran -qversion >&5
gfortran: error: unrecognized command line option '-qversion'
gfortran: fatal error: no input files
compilation terminated.
configure:2478: $? = 4
configure:2493: checking whether the Fortran compiler works
configure:2515: gfortran    conftest.f  >&5
configure:2519: $? = 0
configure:2567: result: yes
configure:2570: checking for Fortran compiler default output file name
configure:2572: result: a.out
configure:2578: checking for suffix of executables
configure:2585: gfortran -o conftest    conftest.f  >&5
configure:2589: $? = 0
configure:2611: result: 
configure:2627: checking whether we are cross compiling
configure:2635: gfortran -o conftest    conftest.f  >&5
configure:2639: $? = 0
configure:2646: ./conftest
configure:2650: $? = 0
configure:2665: result: no
configure:2670: checking for suffix of object files
configure:2686: gfortran -c   conftest.f >&5
configure:2690: $? = 0
configure:2711: result: o
configure:2719: checking whether we are using the GNU Fortran compiler
configure:2732: gfortran -c   conftest.F >&5
configure:2732: $? = 0
configure:2741: result: yes
configure:2747: checking whether gfortran accepts -g
configure:2758: gfortran -c -g  conftest.f >&5
configure:2758: $? = 0
configure:2766: result: yes
configure:2795: checking how to get verbose linking output from gfortran
configure:2805: gfortran -c -g -O2  conftest.f >&5
configure:2805: $? = 0
configure:2823: gfortran -o conftest -g -O2 -v conftest.f
Using built-in specs.
Target: x86_64-redhat-linux
Configured with: ../configure --prefix=/opt/rh/devtoolset-2/root/usr --mandir=/opt/rh/devtoolset-2/root/usr/share/man --infodir=/opt/rh/devtoolset-2/root/usr/share/info --with-bugurl=http://bugzilla.redhat.com/bugzilla --enable-bootstrap --enable-shared --enable-threads=posix --enable-checking=release --with-system-zlib --enable-__cxa_atexit --disable-libunwind-exceptions --enable-gnu-unique-object --enable-linker-build-id --enable-languages=c,c++,fortran,lto --enable-plugin --with-linker-hash-style=gnu --enable-initfini-array --disable-libgcj --with-isl=/builddir/build/BUILD/gcc-4.8.2-20140120/obj-x86_64-redhat-linux/isl-install --with-cloog=/builddir/build/BUILD/gcc-4.8.2-20140120/obj-x86_64-redhat-linux/cloog-install --with-mpc=/builddir/build/BUILD/gcc-4.8.2-20140120/obj-x86_64-redhat-linux/mpc-install --with-tune=generic --with-arch_32=i686 --build=x86_64-redhat-linux
Thread model: posix
gcc version 4.8.2 20140120 (Red Hat 4.8.2-15) (GCC) 
 /opt/rh/devtoolset-2/root/usr/libexec/gcc/x86_64-redhat-linux/4.8.2/f951 conftest.f -ffixed-form -quiet -dumpbase conftest.f -mtune=generic -march=x86-64 -auxbase conftest -g -O2 -version -fintrinsic-modules-path /opt/rh/devtoolset-2/root/usr/lib/gcc/x86_64-redhat-linux/4.8.2/finclude -o /tmp/ccF71Cml.s
GNU Fortran (GCC) version 4.8.2 20140120 (Red Hat 4.8.2-15) (x86_64-redhat-linux)
	compiled by GNU C version 4.8.2 20140120 (Red Hat 4.8.2-15), GMP version 4.3.1, MPFR version 2.4.1, MPC version 0.8.1
GGC heuristics: --param ggc-min-expand=100 --param ggc-min-heapsize=131072
GNU Fortran (GCC) version 4.8.2 20140120 (Red Hat 4.8.2-15) (x86_64-redhat-linux)
	compiled by GNU C version 4.8.2 20140120 (Red Hat 4.8.2-15), GMP version 4.3.1, MPFR version 2.4.1, MPC version 0.8.1
GGC heuristics: --param ggc-min-expand=100 --param ggc-min-heapsize=131072
 /opt/rh/devtoolset-2/root/usr/libexec/gcc/x86_64-redhat-linux/4.8.2/as -v --64 -o /tmp/ccoFkVyR.o /tmp/ccF71Cml.s
GNU assembler version 2.23.52.0.1 (x86_64-redhat-linux) using BFD version version 2.23.52.0.1-10.el6 20130226
Reading specs from /opt/rh/devtoolset-2/root/usr/lib/gcc/x86_64-redhat-linux/4.8.2/libgfortran.spec
rename spec lib to liborig
 /opt/rh/devtoolset-2/root/usr/libexec/gcc/x86_64-redhat-linux/4.8.2/collect2 --build-id --no-add-needed --eh-frame-hdr --hash-style=gnu -m elf_x86_64 -dynamic-linker /lib64/ld-linux-x86-64.so.2 -o conftest /usr/lib/../lib64/crt1.o /usr/lib/../lib64/crti.o /opt/rh/devtoolset-2/root/usr/lib/gcc/x86_64-redhat-linux/4.8.2/crtbegin.o -L/opt/rh/devtoolset-2/root/usr/lib/gcc/x86_64-redhat-linux/4.8.2 -L/opt/rh/devtoolset-2/root/usr/lib/gcc/x86_64-redhat-linux/4.8.2/../../../../lib64 -L/lib/../lib64 -L/usr/lib/../lib64 -L/opt/rh/devtoolset-2/root/usr/lib/gcc/x86_64-redhat-linux/4.8.2/../../.. /tmp/ccoFkVyR.o -lgfortran -lm -lgcc_s -lgcc -lquadmath -lm -lgcc_s -lgcc -lc -lgcc_s -lgcc /opt/rh/devtoolset-2/root/usr/lib/gcc/x86_64-redhat-linux/4.8.2/crtend.o /usr/lib/../lib64/crtn.o
configure:2888: result: -v
configure:2890: checking for Fortran libraries of gfortran
configure:2913: gfortran -o conftest -g -O2 -v conftest.f
Using built-in specs.
Target: x86_64-redhat-linux
Configured with: ../configure --prefix=/opt/rh/devtoolset-2/root/usr --mandir=/opt/rh/devtoolset-2/root/usr/share/man --infodir=/opt/rh/devtoolset-2/root/usr/share/info --with-bugurl=http://bugzilla.redhat.com/bugzilla --enable-bootstrap --enable-shared --enable-threads=posix --enable-checking=release --with-system-zlib --enable-__cxa_atexit --disable-libunwind-exceptions --enable-gnu-unique-object --enable-linker-build-id --enable-languages=c,c++,fortran,lto --enable-plugin --with-linker-hash-style=gnu --enable-initfini-array --disable-libgcj --with-isl=/builddir/build/BUILD/gcc-4.8.2-20140120/obj-x86_64-redhat-linux/isl-install --with-cloog=/builddir/build/BUILD/gcc-4.8.2-20140120/obj-x86_64-redhat-linux/cloog-install --with-mpc=/builddir/build/BUILD/gcc-4.8.2-20140120/obj-x86_64-redhat-linux/mpc-install --with-tune=generic --with-arch_32=i686 --build=x86_64-redhat-linux
Thread model: posix
gcc version 4.8.2 20140120 (Red Hat 4.8.2-15) (GCC) 
 /opt/rh/devtoolset-2/root/usr/libexec/gcc/x86_64-redhat-linux/4.8.2/f951 conftest.f -ffixed-form -quiet -dumpbase conftest.f -mtune=generic -march=x86-64 -auxbase conftest -g -O2 -version -fintrinsic-modules-path /opt/rh/devtoolset-2/root/usr/lib/gcc/x86_64-redhat-linux/4.8.2/finclude -o /tmp/ccpbcwHp.s
GNU Fortran (GCC) version 4.8.2 20140120 (Red Hat 4.8.2-15) (x86_64-redhat-linux)
	compiled by GNU C version 4.8.2 20140120 (Red Hat 4.8.2-15), GMP version 4.3.1, MPFR version 2.4.1, MPC version 0.8.1
GGC heuristics: --param ggc-min-expand=100 --param ggc-min-heapsize=131072
GNU Fortran (GCC) version 4.8.2 20140120 (Red Hat 4.8.2-15) (x86_64-redhat-linux)
	compiled by GNU C version 4.8.2 20140120 (Red Hat 4.8.2-15), GMP version 4.3.1, MPFR version 2.4.1, MPC version 0.8.1
GGC heuristics: --param ggc-min-expand=100 --param ggc-min-heapsize=131072
 /opt/rh/devtoolset-2/root/usr/libexec/gcc/x86_64-redhat-linux/4.8.2/as -v --64 -o /tmp/ccMun65V.o /tmp/ccpbcwHp.s
GNU assembler version 2.23.52.0.1 (x86_64-redhat-linux) using BFD version version 2.23.52.0.1-10.el6 20130226
Reading specs from /opt/rh/devtoolset-2/root/usr/lib/gcc/x86_64-redhat-linux/4.8.2/libgfortran.spec
rename spec lib to liborig
 /opt/rh/devtoolset-2/root/usr/libexec/gcc/x86_64-redhat-linux/4.8.2/collect2 --build-id --no-add-needed --eh-frame-hdr --hash-style=gnu -m elf_x86_64 -dynamic-linker /lib64/ld-linux-x86-64.so.2 -o conftest /usr/lib/../lib64/crt1.o /usr/lib/../lib64/crti.o /opt/rh/devtoolset-2/root/usr/lib/gcc/x86_64-redhat-linux/4.8.2/crtbegin.o -L/opt/rh/devtoolset-2/root/usr/lib/gcc/x86_64-redhat-linux/4.8.2 -L/opt/rh/devtoolset-2/root/usr/lib/gcc/x86_64-redhat-linux/4.8.2/../../../../lib64 -L/lib/../lib64 -L/usr/lib/../lib64 -L/opt/rh/devtoolset-2/root/usr/lib/gcc/x86_64-redhat-linux/4.8.2/../../.. /tmp/ccMun65V.o -lgfortran -lm -lgcc_s -lgcc -lquadmath -lm -lgcc_s -lgcc -lc -lgcc_s -lgcc /opt/rh/devtoolset-2/root/usr/lib/gcc/x86_64-redhat-linux/4.8.2/crtend.o /usr/lib/../lib64/crtn.o
configure:3087: result:  -L/opt/rh/devtoolset-2/root/usr/lib/gcc/x86_64-redhat-linux/4.8.2 -L/opt/rh/devtoolset-2/root/usr/lib/gcc/x86_64-redhat-linux/4.8.2/../../../../lib64 -L/lib/../lib64 -L/usr/lib/../lib64 -L/opt/rh/devtoolset-2/root/usr/lib/gcc/x86_64-redhat-linux/4.8.2/../../.. -lgfortran -lm -lquadmath
configure:3100: checking Fortran 77 compiler
configure:3106: result: gfortran
configure:3115: Setting RUNDIR=/home/mingari/Fall3d/Runs
configure:3117: Creating RUNDIR directory (if necessary)
configure:3127: Setting DATADIR=/home/mingari/Fall3d/Data
configure:3129: Creating DATADIR directory (if necessary)
configure:3270: setting netcdf root directory NETCDF=/home/mingari/libraries/netcdf
configure:3272: checking for the existence of the netcdf root directory
configure:3275: result: /home/mingari/libraries/netcdf
configure:3282: checking for netCDF include directory
configure:3287: result: /home/mingari/libraries/netcdf/include
configure:3289: checking for the existence of the netcdf include directory
configure:3292: result: ok
configure:3297: checking for file netcdf.mod in the include directory
configure:3300: result: ok
configure:3310: checking for netCDF library directory
configure:3315: result: /home/mingari/libraries/netcdf/lib
configure:3321: checking for -lnetcdff
configure:3324: result: yes
configure:3367: checking for mpif90
configure:3383: found /home/mingari/mpich-3.0.4/bin/mpif90
configure:3394: result: mpif90
configure:3415: checking for mpiexec
configure:3431: found /home/mingari/mpich-3.0.4/bin/mpiexec
configure:3442: result: mpiexec
configure:3461: checking for wgrib
configure:3489: result: NOTFOUND
configure:3498: result: cannot find program wgrib
configure:3506: checking for wgrib2
configure:3534: result: NOTFOUND
configure:3543: result: cannot find program wgrib2
configure:3598: checking for ranlib
configure:3614: found /opt/rh/devtoolset-2/root/usr/bin/ranlib
configure:3625: result: ranlib
configure:3813: creating ./config.status

## ---------------------- ##
## Running config.status. ##
## ---------------------- ##

This file was extended by Fall3d config.status 7.0, which was
generated by GNU Autoconf 2.66.  Invocation command line was

  CONFIG_FILES    = 
  CONFIG_HEADERS  = 
  CONFIG_LINKS    = 
  CONFIG_COMMANDS = 
  $ ./config.status 

on atom

config.status:795: creating Makefile
config.status:795: creating libMaster/Makefile
config.status:795: creating Sources/Makefile
config.status:795: creating Utilities/SetDbs/Makefile
config.status:795: creating Utilities/SetSrc/Makefile
config.status:795: creating Utilities/SetTgsd/Makefile
config.status:795: creating Utilities/Fall3d2GMT/Makefile
config.status:795: creating Utilities/Grib2nc/Makefile
config.status:795: creating Utilities/Scripts/Makefile
config.status:795: creating Scripts/Script-Fall3d_ser
config.status:795: creating Scripts/Script-Fall3d_par
config.status:795: creating Scripts/Script-SetDbs
config.status:795: creating Scripts/Script-SetSrc
config.status:795: creating Scripts/Script-SetTgsd
config.status:795: creating Scripts/Script-Fall3d2GMT
config.status:795: creating Scripts/Script-arpa-to-nc
config.status:795: creating Scripts/Script-era40-to-nc
config.status:795: creating Scripts/Script-eraIn-to-nc
config.status:795: creating Scripts/Script-eta-to-nc
config.status:795: creating Scripts/Script-gfs05deg-to-nc
config.status:795: creating Scripts/Script-gfs1deg-to-nc
config.status:795: creating Scripts/Script-ncep1-to-nc
config.status:795: creating Scripts/Script-ncep2-to-nc
config.status:795: creating Scripts/Script-ncepFNL-to-nc
configure:4878: ---------------------------------------------------------
configure:4880: Configuration complete - Fall3d-7.0 (serial and parallel)
configure:4882: 
configure:4888: Fortran 90 compiler:        FC=gfortran
configure:4892: Enable parallel version:    --enable-parallel=yes
configure:4894: Fortran 90 PAR compiler:    MPIF90=mpif90
configure:4896: Launcher of MPI programs:   MPIEXEC=mpiexec
configure:4907: Fortran flags:              FCFLAGS=-g -O2
configure:4909: Fortran 77 compiler:        F77=gfortran
configure:4911: Root directory of netcdf:   NETCDF=/home/mingari/libraries/netcdf
configure:4913: Compiler flags for netcdf:  NC_INC=-I/home/mingari/libraries/netcdf/include
configure:4915: Linker flags for netcdf:    NC_LIB=-L/home/mingari/libraries/netcdf/lib -lnetcdff -lnetcdf
configure:4917: Grib files reader           WGRIB=NOTFOUND
configure:4919: Grib2 files reader          WGRIB2=NOTFOUND
configure:4921: Grib2nc config directory:   GRIBCONFDIR=/home/mingari/Fall3d/Utilities/Grib2nc/config
configure:4923: Install prefix:             --prefix=/home/mingari/Fall3d
configure:4925: Executables install prefix: --exec_prefix=${prefix}
configure:4927: Binary directory:           --bindir=${exec_prefix}/bin
configure:4929: Run directory:              RUNDIR=/home/mingari/Fall3d/Runs
configure:4931: Data directory:             DATADIR=/home/mingari/Fall3d/Data
configure:4933: Scripts directory (static): SCRIPTDIR=./Scripts
configure:4936: ---------------------------------------------------------

## ---------------- ##
## Cache variables. ##
## ---------------- ##

ac_cv_build=x86_64-unknown-linux-gnu
ac_cv_env_DATADIR_set=set
ac_cv_env_DATADIR_value=/home/mingari/Fall3d/Data
ac_cv_env_F77_set=
ac_cv_env_F77_value=
ac_cv_env_FCFLAGS_set=
ac_cv_env_FCFLAGS_value=
ac_cv_env_FC_set=
ac_cv_env_FC_value=
ac_cv_env_GRIBCONFDIR_set=
ac_cv_env_GRIBCONFDIR_value=
ac_cv_env_LDFLAGS_set=
ac_cv_env_LDFLAGS_value=
ac_cv_env_LIBS_set=
ac_cv_env_LIBS_value=
ac_cv_env_MPIEXEC_set=
ac_cv_env_MPIEXEC_value=
ac_cv_env_MPIF90_set=
ac_cv_env_MPIF90_value=
ac_cv_env_NC_INC_set=
ac_cv_env_NC_INC_value=
ac_cv_env_NC_LIB_set=
ac_cv_env_NC_LIB_value=
ac_cv_env_NETCDF_set=set
ac_cv_env_NETCDF_value=/home/mingari/libraries/netcdf
ac_cv_env_RUNDIR_set=set
ac_cv_env_RUNDIR_value=/home/mingari/Fall3d/Runs
ac_cv_env_WGRIB2_set=
ac_cv_env_WGRIB2_value=
ac_cv_env_WGRIB_set=
ac_cv_env_WGRIB_value=
ac_cv_env_build_alias_set=
ac_cv_env_build_alias_value=
ac_cv_env_host_alias_set=
ac_cv_env_host_alias_value=
ac_cv_env_target_alias_set=
ac_cv_env_target_alias_value=
ac_cv_fc_compiler_gnu=yes
ac_cv_fc_libs=' -L/opt/rh/devtoolset-2/root/usr/lib/gcc/x86_64-redhat-linux/4.8.2 -L/opt/rh/devtoolset-2/root/usr/lib/gcc/x86_64-redhat-linux/4.8.2/../../../../lib64 -L/lib/../lib64 -L/usr/lib/../lib64 -L/opt/rh/devtoolset-2/root/usr/lib/gcc/x86_64-redhat-linux/4.8.2/../../.. -lgfortran -lm -lquadmath'
ac_cv_objext=o
ac_cv_path_install='/usr/bin/install -c'
ac_cv_path_mkdir=/bin/mkdir
ac_cv_prog_AWK=gawk
ac_cv_prog_MPIEXEC=mpiexec
ac_cv_prog_MPIF90=mpif90
ac_cv_prog_WGRIB2=NOTFOUND
ac_cv_prog_WGRIB=NOTFOUND
ac_cv_prog_ac_ct_RANLIB=ranlib
ac_cv_prog_fc_g=yes
ac_cv_prog_fc_v=-v
ac_cv_prog_make_make_set=yes

## ----------------- ##
## Output variables. ##
## ----------------- ##

ACLOCAL='${SHELL} /home/mingari/Fall3d/missing --run aclocal-1.11'
AMTAR='${SHELL} /home/mingari/Fall3d/missing --run tar'
AUTOCONF='${SHELL} /home/mingari/Fall3d/missing --run autoconf'
AUTOHEADER='${SHELL} /home/mingari/Fall3d/missing --run autoheader'
AUTOMAKE='${SHELL} /home/mingari/Fall3d/missing --run automake-1.11'
AWK='gawk'
CYGPATH_W='echo'
DATADIR='/home/mingari/Fall3d/Data'
DEFS='-DPACKAGE_NAME=\"Fall3d\" -DPACKAGE_TARNAME=\"fall3d\" -DPACKAGE_VERSION=\"7.0\" -DPACKAGE_STRING=\"Fall3d\ 7.0\" -DPACKAGE_BUGREPORT=\"\" -DPACKAGE_URL=\"\" -DPACKAGE=\"fall3d\" -DVERSION=\"7.0\"'
ECHO_C=''
ECHO_N='-n'
ECHO_T=''
EXEEXT=''
F77='gfortran'
FC='gfortran'
FCFLAGS='-g -O2'
FCLIBS=' -L/opt/rh/devtoolset-2/root/usr/lib/gcc/x86_64-redhat-linux/4.8.2 -L/opt/rh/devtoolset-2/root/usr/lib/gcc/x86_64-redhat-linux/4.8.2/../../../../lib64 -L/lib/../lib64 -L/usr/lib/../lib64 -L/opt/rh/devtoolset-2/root/usr/lib/gcc/x86_64-redhat-linux/4.8.2/../../.. -lgfortran -lm -lquadmath'
GRIBCONFDIR='/home/mingari/Fall3d/Utilities/Grib2nc/config'
INSTALL_DATA='${INSTALL} -m 644'
INSTALL_PROGRAM='${INSTALL}'
INSTALL_SCRIPT='${INSTALL}'
INSTALL_STRIP_PROGRAM='$(install_sh) -c -s'
LDFLAGS=''
LIBOBJS=''
LIBS=''
LTLIBOBJS=''
MAKEINFO='${SHELL} /home/mingari/Fall3d/missing --run makeinfo'
MKDIR_P='/bin/mkdir -p'
MPIEXEC='mpiexec'
MPIF90='mpif90'
NC_CONF=''
NC_INC='-I/home/mingari/libraries/netcdf/include'
NC_LIB='-L/home/mingari/libraries/netcdf/lib -lnetcdff -lnetcdf'
NETCDF='/home/mingari/libraries/netcdf'
OBJEXT='o'
PACKAGE='fall3d'
PACKAGE_BUGREPORT=''
PACKAGE_NAME='Fall3d'
PACKAGE_STRING='Fall3d 7.0'
PACKAGE_TARNAME='fall3d'
PACKAGE_URL=''
PACKAGE_VERSION='7.0'
PARALLEL_FALSE='#'
PARALLEL_TRUE=''
PATH_SEPARATOR=':'
RANLIB='ranlib'
RUNDIR='/home/mingari/Fall3d/Runs'
SCRIPTDIR='./Scripts'
SCRIPT_WARNING_MESSAGE='DO NOT MODIFY (it is generated automatically by configure)'
SET_MAKE=''
SHELL='/bin/sh'
STRIP=''
VERSION='7.0'
WGRIB2='NOTFOUND'
WGRIB='NOTFOUND'
ac_ct_FC=''
am__EXEEXT_FALSE=''
am__EXEEXT_TRUE='#'
am__isrc=''
am__leading_dot='.'
am__tar='${AMTAR} chof - "$$tardir"'
am__untar='${AMTAR} xf -'
bindir='${exec_prefix}/bin'
build='x86_64-unknown-linux-gnu'
build_alias=''
build_cpu='x86_64'
build_os='linux-gnu'
build_vendor='unknown'
datadir='${datarootdir}'
datarootdir='${prefix}/share'
docdir='${datarootdir}/doc/${PACKAGE_TARNAME}'
dvidir='${docdir}'
exec_prefix='${prefix}'
host_alias=''
htmldir='${docdir}'
includedir='${prefix}/include'
infodir='${datarootdir}/info'
install_sh='${SHELL} /home/mingari/Fall3d/install-sh'
libdir='${exec_prefix}/lib'
libexecdir='${exec_prefix}/libexec'
localedir='${datarootdir}/locale'
localstatedir='${prefix}/var'
mandir='${datarootdir}/man'
mkdir_p='/bin/mkdir -p'
oldincludedir='/usr/include'
pdfdir='${docdir}'
prefix='/home/mingari/Fall3d'
program_transform_name='s,x,x,'
psdir='${docdir}'
sbindir='${exec_prefix}/sbin'
sharedstatedir='${prefix}/com'
sysconfdir='${prefix}/etc'
target_alias=''

## ----------- ##
## confdefs.h. ##
## ----------- ##

/* confdefs.h */
#define PACKAGE_NAME "Fall3d"
#define PACKAGE_TARNAME "fall3d"
#define PACKAGE_VERSION "7.0"
#define PACKAGE_STRING "Fall3d 7.0"
#define PACKAGE_BUGREPORT ""
#define PACKAGE_URL ""
#define PACKAGE "fall3d"
#define VERSION "7.0"

configure: exit 0
